Base path: C:/Program Files/Unity/Editor/Data
Pipe name: \\.\pipe\UnityShaderCompiler-64bit-3-10476
Cmd: getPlatforms
Cmd: compileSnippet
  api=1 type=0 insize=6836 outsize=635 kw=DIRECTIONAL SHADOWS_OFF LIGHTMAP_OFF DIRLIGHTMAP_OFF DYNAMICLIGHTMAP_OFF ok=1
Cmd: compileSnippet
  api=0 type=0 insize=6836 outsize=2898 kw=DIRECTIONAL SHADOWS_OFF LIGHTMAP_OFF DIRLIGHTMAP_OFF DYNAMICLIGHTMAP_OFF VERTEXLIGHT_ON ok=1
Cmd: compileSnippet
  api=8 type=0 insize=6836 outsize=6582 kw=DIRECTIONAL SHADOWS_SCREEN SHADOWS_NATIVE LIGHTMAP_OFF DIRLIGHTMAP_OFF DYNAMICLIGHTMAP_OFF ok=1
Cmd: compileSnippet
  api=8 type=1 insize=6836 outsize=1154 kw=DIRECTIONAL SHADOWS_OFF LIGHTMAP_OFF DIRLIGHTMAP_OFF DYNAMICLIGHTMAP_OFF ok=1
Cmd: compileSnippet
  api=8 type=0 insize=3481 outsize=3567 kw=POINT ok=1
Cmd: compileSnippet
  api=8 type=0 insize=3481 outsize=3567 kw=DIRECTIONAL ok=1
Cmd: compileSnippet
  api=1 type=0 insize=3481 outsize=293 kw=SPOT ok=1
Cmd: compileSnippet
  api=8 type=0 insize=3481 outsize=3567 kw=SPOT ok=1
Cmd: compileSnippet
  api=0 type=0 insize=3481 outsize=919 kw=POINT_COOKIE ok=1
Cmd: compileSnippet
  api=0 type=1 insize=3481 outsize=6 kw=DIRECTIONAL ok=1
Cmd: compileSnippet
  api=8 type=1 insize=3481 outsize=756 kw=DIRECTIONAL ok=1
Cmd: compileSnippet
  api=4 type=1 insize=3481 outsize=559 kw=POINT_COOKIE ok=1
Cmd: compileSnippet
  api=8 type=1 insize=3481 outsize=756 kw=DIRECTIONAL_COOKIE ok=1
Cmd: compileSnippet
  api=8 type=0 insize=2806 outsize=3567 kw= ok=1
Cmd: compileSnippet
  api=1 type=1 insize=2806 outsize=106 kw= ok=1
Cmd: compileSnippet
  api=1 type=0 insize=6009 outsize=762 kw=LIGHTMAP_OFF DIRLIGHTMAP_OFF DYNAMICLIGHTMAP_OFF HDR_LIGHT_PREPASS_OFF ok=1
Cmd: compileSnippet
  api=1 type=0 insize=6009 outsize=762 kw=LIGHTMAP_OFF DIRLIGHTMAP_OFF DYNAMICLIGHTMAP_OFF UNITY_HDR_ON ok=1
Cmd: compileSnippet
  api=8 type=0 insize=6009 outsize=6062 kw=LIGHTMAP_OFF DIRLIGHTMAP_OFF DYNAMICLIGHTMAP_OFF UNITY_HDR_ON ok=1
Cmd: compileSnippet
  api=1 type=1 insize=6009 outsize=103 kw=LIGHTMAP_OFF DIRLIGHTMAP_OFF DYNAMICLIGHTMAP_OFF HDR_LIGHT_PREPASS_OFF ok=1
Cmd: compileSnippet
  api=8 type=1 insize=6009 outsize=1203 kw=LIGHTMAP_OFF DIRLIGHTMAP_OFF DYNAMICLIGHTMAP_OFF UNITY_HDR_ON ok=1
Cmd: compileSnippet
  api=0 type=0 insize=5940 outsize=2568 kw=LIGHTMAP_OFF DIRLIGHTMAP_OFF DYNAMICLIGHTMAP_OFF UNITY_HDR_ON ok=1
Cmd: compileSnippet
  api=8 type=1 insize=5940 outsize=2056 kw=LIGHTMAP_OFF DIRLIGHTMAP_OFF DYNAMICLIGHTMAP_OFF HDR_LIGHT_PREPASS_OFF ok=1
Unhandled exception: Readfile from pipe failed. GLE=The pipe has been ended.


Quitting shader compiler process

Crashed!
